<?xml version="1.0" encoding="UTF-8"?>
<testng-results skipped="0" failed="0" ignored="0" total="1" passed="1">
  <reporter-output>
  </reporter-output>
  <suite name="Default suite" duration-ms="1706" started-at="2019-01-16T05:33:47Z" finished-at="2019-01-16T05:33:49Z">
    <groups>
    </groups>
    <test name="Default test" duration-ms="1706" started-at="2019-01-16T05:33:47Z" finished-at="2019-01-16T05:33:49Z">
      <class name="com.qa.testng.GetClient">
        <test-method status="PASS" signature="getclient()[pri:0, instance:com.qa.testng.GetClient@1753acfe]" name="getclient" is-config="true" duration-ms="15" started-at="2019-01-16T05:33:47Z" finished-at="2019-01-16T05:33:47Z">
          <reporter-output>
          </reporter-output>
        </test-method> <!-- getclient -->
        <test-method status="PASS" signature="getAPITest()[pri:0, instance:com.qa.testng.GetClient@1753acfe]" name="getAPITest" duration-ms="1628" started-at="2019-01-16T05:33:47Z" finished-at="2019-01-16T05:33:49Z">
          <reporter-output>
          </reporter-output>
        </test-method> <!-- getAPITest -->
      </class> <!-- com.qa.testng.GetClient -->
    </test> <!-- Default test -->
  </suite> <!-- Default suite -->
</testng-results>
